<?xml version="1.0" encoding="UTF-8"?>
<!-- Generated by org.testng.reporters.JUnitReportReporter -->
<testsuite skipped="0" hostname="DESKTOP-NPIU4CH" name="Java8Maven.Java8Maven.DriverTestStreams" tests="1" failures="0" timestamp="2021-06-28T11:37:43 AEST" time="1.705" errors="0">
  <testcase name="launchGoogle" time="1.705" classname="Java8Maven.Java8Maven.DriverTestStreams"/>
  <system-out/>
</testsuite> <!-- Java8Maven.Java8Maven.DriverTestStreams -->
