<?xml version="1.0" encoding="UTF-8"?>
<!-- Generated by org.testng.reporters.JUnitReportReporter -->
<testsuite skipped="0" hostname="DESKTOP-NPIU4CH" name="Java8Maven.Java8Maven.DriverTest" tests="1" failures="0" timestamp="2021-08-03T19:18:29 AEST" time="1.479" errors="0">
  <testcase name="launchGoogle" time="1.479" classname="Java8Maven.Java8Maven.DriverTest"/>
  <system-out/>
</testsuite> <!-- Java8Maven.Java8Maven.DriverTest -->
