<?xml version="1.0" encoding="UTF-8"?>
<!-- Generated by org.testng.reporters.JUnitReportReporter -->
<testsuite skipped="0" hostname="DESKTOP-NPIU4CH" name="Java8Maven.Java8Maven.SelectAllCheckBoxes" tests="1" failures="0" timestamp="2021-06-28T15:13:58 AEST" time="6.003" errors="0">
  <testcase name="launchGoogle" time="6.003" classname="Java8Maven.Java8Maven.SelectAllCheckBoxes"/>
  <system-out/>
</testsuite> <!-- Java8Maven.Java8Maven.SelectAllCheckBoxes -->
