<?xml version="1.0" encoding="UTF-8"?>
<!-- Generated by org.testng.reporters.JUnitReportReporter -->
<testsuite skipped="0" hostname="DESKTOP-NPIU4CH" name="Java8Maven.Java8Maven.BrokenImagesTest" tests="1" failures="0" timestamp="2021-08-03T18:48:54 AEST" time="5.318" errors="0">
  <testcase name="collectorsList" time="5.318" classname="Java8Maven.Java8Maven.BrokenImagesTest"/>
  <system-out/>
</testsuite> <!-- Java8Maven.Java8Maven.BrokenImagesTest -->
