<?xml version="1.0" encoding="UTF-8"?>
<!-- Generated by org.testng.reporters.JUnitReportReporter -->
<testsuite skipped="0" hostname="DESKTOP-NPIU4CH" name="Java8Maven.Java8Maven.SelectDropDown" tests="1" failures="0" timestamp="2021-07-01T16:29:19 AEST" time="7.437" errors="0">
  <testcase name="launchGoogle" time="7.437" classname="Java8Maven.Java8Maven.SelectDropDown"/>
  <system-out/>
</testsuite> <!-- Java8Maven.Java8Maven.SelectDropDown -->
