<?xml version="1.0" encoding="UTF-8"?>
<!-- Generated by org.testng.reporters.JUnitReportReporter -->
<testsuite skipped="0" hostname="DESKTOP-NPIU4CH" name="Practice.AnyMatch" tests="3" failures="0" timestamp="2021-07-04T13:09:07 AEST" time="0.016" errors="0">
  <testcase name="findAny" time="0.005" classname="Practice.AnyMatch"/>
  <system-out/>
  <testcase name="anyMatch" time="0.010" classname="Practice.AnyMatch"/>
  <system-out/>
  <testcase name="noneMatch" time="0.001" classname="Practice.AnyMatch"/>
  <system-out/>
</testsuite> <!-- Practice.AnyMatch -->
