<?xml version="1.0" encoding="UTF-8"?>
<!-- Generated by org.testng.reporters.JUnitReportReporter -->
<testsuite skipped="0" hostname="DESKTOP-NPIU4CH" name="Java8Maven.Java8Maven.TermalOperators" tests="1" failures="0" timestamp="2021-07-02T12:52:17 AEST" time="0.043" errors="0">
  <testcase name="countOperator" time="0.043" classname="Java8Maven.Java8Maven.TermalOperators"/>
  <system-out/>
</testsuite> <!-- Java8Maven.Java8Maven.TermalOperators -->
